<?xml version="1.0" encoding="utf-8"?><testsuites><testsuite errors="0" failures="0" hostname="lp-micke" name="pytest" skipped="0" tests="5" time="19.841" timestamp="2020-09-24T19:01:58.400634"><testcase classname="tests.sportscar.body.test_body.BodyTests" file="tests\sportscar\body\test_body.py" line="5" name="test_can_navigate_to_body_page" time="4.571"></testcase><testcase classname="tests.sportscar.body.test_body.BodyTests" file="tests\sportscar\body\test_body.py" line="10" name="test_bumper" time="0.002"></testcase><testcase classname="tests.sportscar.body.test_body.BodyTests" file="tests\sportscar\body\test_body.py" line="13" name="test_windshield" time="0.002"></testcase><testcase classname="tests.sportscar.engine.test_engine" file="tests\sportscar\engine\test_engine.py" line="3" name="test_can_navigate_to_engine" time="7.157"></testcase><testcase classname="tests.sportscar.entertainment.test_entertainment" file="tests\sportscar\entertainment\test_entertainment.py" line="3" name="test_can_navigate_to_entertainment" time="7.997"></testcase></testsuite></testsuites>